ERROR [2022-01-16 17:15:37,648] get_html_and_class_tag agregator_book
ERROR [2022-01-16 17:15:37,648] featch_data_bookvoed agregator_book
ERROR [2022-01-16 17:16:35,839] get_html_and_class_tag agregator_book
ERROR [2022-01-16 17:16:35,840] featch_data_bookvoed agregator_book
ERROR [2022-01-22 15:40:37,165] featch_data_labirint agregator_book
ERROR [2022-01-22 15:40:37,373] featch_data_fkniga agregator_book
ERROR [2022-01-22 15:40:37,580] featch_data_spbdk agregator_book
ERROR [2022-01-22 15:40:38,055] featch_data_book24 agregator_book
ERROR [2022-01-22 15:41:07,412] featch_data_bookvoed agregator_book
ERROR [2022-01-22 15:41:08,860] featch_data_labirint agregator_book
ERROR [2022-01-22 15:41:09,119] featch_data_fkniga agregator_book
ERROR [2022-01-22 15:41:09,197] featch_data_book24 agregator_book
ERROR [2022-01-22 15:41:10,589] featch_data_spbdk agregator_book
ERROR [2022-01-22 15:43:44,104] featch_data_ozon agregator_book
ERROR [2022-01-22 15:43:45,771] featch_data_fkniga:NoneType agregator_book
ERROR [2022-01-22 15:43:45,968] featch_data_spbdk agregator_book
ERROR [2022-01-22 15:43:46,906] featch_data_labirint agregator_book
ERROR [2022-01-22 15:43:47,037] featch_data_book24 agregator_book
ERROR [2022-01-22 15:46:01,860] featch_data_fkniga:NoneType agregator_book
ERROR [2022-01-22 15:56:14,780] featch_data_fkniga:NoneType agregator_book
ERROR [2022-01-24 16:47:07,578] get_html_and_class_tag agregator_book
ERROR [2022-01-24 16:47:07,594] featch_data_bookvoed agregator_book
ERROR [2022-01-26 08:06:25,201] featch_data_ozon agregator_book
ERROR [2022-01-26 08:10:38,368] featch_data_ozon agregator_book
ERROR [2022-01-26 08:12:54,425] featch_data_ozon agregator_book
ERROR [2022-01-26 08:17:37,495] featch_data_ozon agregator_book
ERROR [2022-01-26 08:18:05,648] featch_data_ozon agregator_book
ERROR [2022-01-26 08:21:36,280] featch_data_ozon agregator_book
ERROR [2022-01-26 08:23:25,511] featch_data_ozon agregator_book
ERROR [2022-01-26 08:23:28,074] featch_data_fkniga:NoneType agregator_book
ERROR [2022-01-26 08:24:59,965] featch_data_ozon agregator_book
ERROR [2022-01-26 08:25:21,967] featch_data_ozon agregator_book
ERROR [2022-01-26 08:27:44,767] featch_data_ozon agregator_book
ERROR [2022-01-26 08:28:27,649] featch_data_ozon agregator_book
ERROR [2022-01-26 08:29:36,258] featch_data_ozon agregator_book
ERROR [2022-01-26 08:30:48,217] featch_data_ozon agregator_book
ERROR [2022-01-26 08:31:08,936] featch_data_ozon agregator_book
ERROR [2022-01-26 08:37:17,188] featch_data_ozon agregator_book
ERROR [2022-01-26 08:55:08,502] featch_data_ozon agregator_book
ERROR [2022-01-26 09:00:33,095] featch_data_ozon agregator_book
ERROR [2022-01-26 09:11:32,319] featch_data_ozon agregator_book
ERROR [2022-01-26 09:15:30,306] featch_data_ozon agregator_book
ERROR [2022-01-26 09:30:37,208] featch_data_ozon agregator_book
ERROR [2022-01-27 08:46:55,177] featch_data_ozon agregator_book
ERROR [2022-01-27 09:04:32,462] featch_data_ozon agregator_book
ERROR [2022-01-27 10:16:30,130] featch_data_ozon agregator_book
ERROR [2022-01-27 11:16:29,237] featch_data_ozon agregator_book
ERROR [2022-01-27 11:19:04,743] featch_data_ozon agregator_book
ERROR [2022-01-27 11:19:41,412] featch_data_ozon agregator_book
ERROR [2022-01-27 15:51:27,194] featch_data_ozon agregator_book
ERROR [2022-01-27 15:54:10,756] featch_data_ozon agregator_book
ERROR [2022-03-15 18:31:34,200] featch_data_ozon agregator_book
